<?xml version="1.0" encoding="UTF-8"?>
<testng-results skipped="0" failed="0" total="1" passed="1">
  <reporter-output>
  </reporter-output>
  <suite name="Default suite" duration-ms="881" started-at="2020-04-24T13:19:12Z" finished-at="2020-04-24T13:19:13Z">
    <groups>
    </groups>
    <test name="Default test" duration-ms="881" started-at="2020-04-24T13:19:12Z" finished-at="2020-04-24T13:19:13Z">
      <class name="com.qa.hs.tests.LoginTest">
        <test-method status="PASS" signature="LoginTest()[pri:0, instance:com.qa.hs.tests.LoginTest@6adca536]" name="LoginTest" duration-ms="855" started-at="2020-04-24T18:49:12Z" finished-at="2020-04-24T18:49:13Z">
          <reporter-output>
          </reporter-output>
        </test-method> <!-- LoginTest -->
      </class> <!-- com.qa.hs.tests.LoginTest -->
    </test> <!-- Default test -->
  </suite> <!-- Default suite -->
</testng-results>
